Using pre-set license
Built from '2020.2/release' branch; Version is '2020.2.2f1 (068178b99f32) revision 426360'; Using compiler version '192528614'; Build Type 'Release'
OS: 'Windows 10 Home; OS build 19041.928; Version 2004; 64bit' Language: 'en' Physical Memory: 16111 MB
BatchMode: 1, IsHumanControllingUs: 0, StartBugReporterOnCrash: 0, Is64bit: 1, IsPro: 0

 COMMAND LINE ARGUMENTS:
C:\Program Files\Unity\Hub\Editor\2020.2.2f1\Editor\Unity.exe
-adb2
-batchMode
-noUpm
-name
AssetImportWorker0
-projectPath
C:/Users/samle/OneDrive/Documents/GitHub/NetworkingPartyGame/NetworkingPartyGame
-logFile
Logs/AssetImportWorker0.log
-srvPort
59475
Successfully changed project path to: C:/Users/samle/OneDrive/Documents/GitHub/NetworkingPartyGame/NetworkingPartyGame
C:/Users/samle/OneDrive/Documents/GitHub/NetworkingPartyGame/NetworkingPartyGame
Using Asset Import Pipeline V2.
Refreshing native plugins compatible for Editor in 214.44 ms, found 0 plugins.
Preloading 0 native plugins for Editor in 0.00 ms.
Initialize engine version: 2020.2.2f1 (068178b99f32)
[Subsystems] Discovering subsystems at path C:/Program Files/Unity/Hub/Editor/2020.2.2f1/Editor/Data/Resources/UnitySubsystems
[Subsystems] Discovering subsystems at path C:/Users/samle/OneDrive/Documents/GitHub/NetworkingPartyGame/NetworkingPartyGame/Assets
GfxDevice: creating device client; threaded=0
Direct3D:
    Version:  Direct3D 11.0 [level 11.1]
    Renderer: NVIDIA GeForce GTX 1650 (ID=0x1f91)
    Vendor:   
    VRAM:     3964 MB
    Driver:   27.21.14.6109
Initialize mono
Mono path[0] = 'C:/Program Files/Unity/Hub/Editor/2020.2.2f1/Editor/Data/Managed'
Mono path[1] = 'C:/Program Files/Unity/Hub/Editor/2020.2.2f1/Editor/Data/MonoBleedingEdge/lib/mono/unityjit'
Mono config path = 'C:/Program Files/Unity/Hub/Editor/2020.2.2f1/Editor/Data/MonoBleedingEdge/etc'
Using monoOptions --debugger-agent=transport=dt_socket,embedding=1,server=y,suspend=n,address=127.0.0.1:56308
Begin MonoManager ReloadAssembly
Registering precompiled unity dll's ...
Register platform support module: C:/Program Files/Unity/Hub/Editor/2020.2.2f1/Editor/Data/PlaybackEngines/WindowsStandaloneSupport/UnityEditor.WindowsStandalone.Extensions.dll
Registered in 0.004932 seconds.
Native extension for WindowsStandalone target not found
Refreshing native plugins compatible for Editor in 185.13 ms, found 0 plugins.
Preloading 0 native plugins for Editor in 0.00 ms.
Invoked RoslynAnalysisRunner static constructor.
RoslynAnalysisRunner will not be running.
RoslynAnalysisRunner has terminated.
Mono: successfully reloaded assembly
- Completed reload, in  2.766 seconds
Platform modules already initialized, skipping
Registering precompiled user dll's ...
Registered in 0.011609 seconds.
Begin MonoManager ReloadAssembly
Native extension for WindowsStandalone target not found
Refreshing native plugins compatible for Editor in 1.50 ms, found 0 plugins.
Preloading 0 native plugins for Editor in 0.00 ms.
Invoked RoslynAnalysisRunner static constructor.
RoslynAnalysisRunner will not be running.
RoslynAnalysisRunner has terminated.
Find all reader and writers took 246 milliseconds
Script Module: UnityEngine.UI.dll
Weave behaviours and messages took258 milliseconds
Find all reader and writers took 163 milliseconds
Script Module: UnityEngine.TestRunner.dll
Weave behaviours and messages took59 milliseconds
Find all reader and writers took 174 milliseconds
Script Module: SimpleWebTransport.dll
Weave behaviours and messages took14 milliseconds
Find all reader and writers took 154 milliseconds
Script Module: Unity.Timeline.dll
Weave behaviours and messages took71 milliseconds
Find all reader and writers took 188 milliseconds
Script Module: Unity.ProBuilder.dll
Weave behaviours and messages took175 milliseconds
Find all reader and writers took 194 milliseconds
Script Module: Cinemachine.dll
Weave behaviours and messages took170 milliseconds
Find all reader and writers took 210 milliseconds
Script Module: Unity.TextMeshPro.dll
Weave behaviours and messages took214 milliseconds
Find all reader and writers took 160 milliseconds
Script Module: Unity.ProBuilder.Poly2Tri.dll
Weave behaviours and messages took15 milliseconds
Find all reader and writers took 195 milliseconds
Script Module: Unity.Postprocessing.Runtime.dll
Weave behaviours and messages took84 milliseconds
Find all reader and writers took 217 milliseconds
Script Module: Telepathy.dll
Weave behaviours and messages took14 milliseconds
Find all reader and writers took 205 milliseconds
Script Module: Unity.ProBuilder.Csg.dll
Weave behaviours and messages took9 milliseconds
Find all reader and writers took 220 milliseconds
Script Module: kcp2k.dll
Weave behaviours and messages took16 milliseconds
Find all reader and writers took 203 milliseconds
Script Module: Mirror.Examples.Cloud.GUI.dll
Weave behaviours and messages took8 milliseconds
Find all reader and writers took 176 milliseconds
Script Module: Mirror.Cloud.dll
Weave behaviours and messages took7 milliseconds
Find all reader and writers took 170 milliseconds
Script Module: Unity.ProBuilder.KdTree.dll
Weave behaviours and messages took9 milliseconds
Find all reader and writers took 228 milliseconds
Script Module: Unity.ProBuilder.Stl.dll
Weave behaviours and messages took5 milliseconds
Find all reader and writers took 232 milliseconds
Script Module: UnityEditor.TestRunner.dll
Weave behaviours and messages took115 milliseconds
Find all reader and writers took 176 milliseconds
Script Module: EnhancedHierarchyEditor.dll
Weave behaviours and messages took45 milliseconds
Find all reader and writers took 169 milliseconds
Script Module: UnityEditor.UI.dll
Weave behaviours and messages took24 milliseconds
Find all reader and writers took 299 milliseconds
Script Module: com.unity.cinemachine.editor.dll
Weave behaviours and messages took106 milliseconds
Find all reader and writers took 286 milliseconds
Script Module: Unity.ProBuilder.AssetIdRemapUtility.dll
Weave behaviours and messages took13 milliseconds
Find all reader and writers took 187 milliseconds
Script Module: Mirror.CompilerSymbols.dll
Weave behaviours and messages took0 milliseconds
Mono: successfully reloaded assembly
- Completed reload, in 16.568 seconds
Platform modules already initialized, skipping
========================================================================
Worker process is ready to serve import requests
Launched and connected shader compiler UnityShaderCompiler.exe after 0.12 seconds
Refreshing native plugins compatible for Editor in 1.90 ms, found 0 plugins.
Preloading 0 native plugins for Editor in 0.00 ms.
Unloading 2127 Unused Serialized files (Serialized files now loaded: 0)
System memory in use before: 110.4 MB.
System memory in use after: 110.5 MB.

Unloading 118 unused Assets to reduce memory usage. Loaded Objects now: 2568.
Total: 9.775300 ms (FindLiveObjects: 0.592600 ms CreateObjectMapping: 0.322200 ms MarkObjects: 8.021000 ms  DeleteObjects: 0.836600 ms)

========================================================================
Received Import Request.
  path: Assets/Scenes/TestScene1_Profiles
  artifactKey: Guid(68ed4650fc897374f9159832129a426b) Importer(815301076,1909f56bfc062723c751e8b465ee728b)
Start importing Assets/Scenes/TestScene1_Profiles using Guid(68ed4650fc897374f9159832129a426b) Importer(815301076,1909f56bfc062723c751e8b465ee728b)  -> (artifact id: '4c4740b915a28f4a366d45bd18931319') in 0.034402 seconds
  Import took 0.059187 seconds .

========================================================================
Received Import Request.
  Time since last request: 0.000710 seconds.
  path: Assets/Scenes/TestScene1_Profiles/JumpPostProcessing Profile.asset
  artifactKey: Guid(216e47b03c0ecb943a3dd1fff4bbec5d) Importer(815301076,1909f56bfc062723c751e8b465ee728b)
Start importing Assets/Scenes/TestScene1_Profiles/JumpPostProcessing Profile.asset using Guid(216e47b03c0ecb943a3dd1fff4bbec5d) Importer(815301076,1909f56bfc062723c751e8b465ee728b)  -> (artifact id: '5dc447e743fb0e07dc60b2ac6b042f5b') in 0.148849 seconds
  Import took 0.160489 seconds .

========================================================================
Received Import Request.
  Time since last request: 0.000731 seconds.
  path: Assets/Scenes/TestScene1_Profiles/PostProcessing Profile.asset
  artifactKey: Guid(e42e700b5ba2ba04486fbe5ad3bd407b) Importer(815301076,1909f56bfc062723c751e8b465ee728b)
Start importing Assets/Scenes/TestScene1_Profiles/PostProcessing Profile.asset using Guid(e42e700b5ba2ba04486fbe5ad3bd407b) Importer(815301076,1909f56bfc062723c751e8b465ee728b)  -> (artifact id: 'a3896c54b43bd005321d9b9f00f3ca4b') in 0.056343 seconds
  Import took 0.067886 seconds .

========================================================================
Received Import Request.
  Time since last request: 0.000784 seconds.
  path: Assets/Scenes/TestScene1_Profiles/SpeedPostProcessing Profile.asset
  artifactKey: Guid(cec6233bd66ead74fa422a5f5c65b256) Importer(815301076,1909f56bfc062723c751e8b465ee728b)
Start importing Assets/Scenes/TestScene1_Profiles/SpeedPostProcessing Profile.asset using Guid(cec6233bd66ead74fa422a5f5c65b256) Importer(815301076,1909f56bfc062723c751e8b465ee728b)  -> (artifact id: '8ef022843814cf41555dd1fcb1f20669') in 0.037207 seconds
  Import took 0.051451 seconds .

========================================================================
Received Import Request.
  Time since last request: 6.514698 seconds.
  path: Assets/Prefab/Lava.prefab
  artifactKey: Guid(1ed2176884e2dc74cb93e6adf82170d5) Importer(815301076,1909f56bfc062723c751e8b465ee728b)
Start importing Assets/Prefab/Lava.prefab using Guid(1ed2176884e2dc74cb93e6adf82170d5) Importer(815301076,1909f56bfc062723c751e8b465ee728b)  -> (artifact id: '7f3bbdebca35e2397641ca07202a9a26') in 0.219082 seconds
  Import took 0.236467 seconds .

========================================================================
Received Import Request.
  Time since last request: 26.143674 seconds.
  path: Assets/Sci-Fi Multiplayer/Scenes/Offline.unity
  artifactKey: Guid(562a142337c148d41b3c84964bb22abb) Importer(815301076,1909f56bfc062723c751e8b465ee728b)
Start importing Assets/Sci-Fi Multiplayer/Scenes/Offline.unity using Guid(562a142337c148d41b3c84964bb22abb) Importer(815301076,1909f56bfc062723c751e8b465ee728b)  -> (artifact id: '0233e616cf02496a34676d6559c60c31') in 0.027613 seconds
  Import took 0.041110 seconds .

========================================================================
Received Import Request.
  Time since last request: 26.843480 seconds.
  path: Assets/Sci-Fi Multiplayer/Scripts/UI
  artifactKey: Guid(eeff761216acd424a824f1de273b0c0f) Importer(815301076,1909f56bfc062723c751e8b465ee728b)
Start importing Assets/Sci-Fi Multiplayer/Scripts/UI using Guid(eeff761216acd424a824f1de273b0c0f) Importer(815301076,1909f56bfc062723c751e8b465ee728b)  -> (artifact id: '3ea10aff608cd87519d8b65aada19385') in 0.031604 seconds
  Import took 0.047242 seconds .

========================================================================
Received Import Request.
  Time since last request: 1.748279 seconds.
  path: Assets/Sci-Fi Multiplayer/Scripts/Networking
  artifactKey: Guid(3d1e310a3acd09d41ba93f2593811989) Importer(815301076,1909f56bfc062723c751e8b465ee728b)
Start importing Assets/Sci-Fi Multiplayer/Scripts/Networking using Guid(3d1e310a3acd09d41ba93f2593811989) Importer(815301076,1909f56bfc062723c751e8b465ee728b)  -> (artifact id: 'c3681bd35b06b116a141166077c08a8f') in 0.021052 seconds
  Import took 0.041935 seconds .

========================================================================
Received Prepare
Registering precompiled user dll's ...
Registered in 0.006404 seconds.
Begin MonoManager ReloadAssembly
Native extension for WindowsStandalone target not found
Refreshing native plugins compatible for Editor in 0.79 ms, found 0 plugins.
Preloading 0 native plugins for Editor in 0.00 ms.
Warning: Annotation not found!
UnityEngine.StackTraceUtility:ExtractStackTrace ()
UnityEditor.ProBuilder.EditorUtility:SetGizmoIconEnabled (System.Type,bool) (at Library/PackageCache/com.unity.probuilder@4.4.0/Editor/EditorCore/EditorUtility.cs:593)
UnityEditor.ProBuilder.HierarchyListener:.cctor () (at Library/PackageCache/com.unity.probuilder@4.4.0/Editor/EditorCore/HierarchyListener.cs:21)
System.Runtime.CompilerServices.RuntimeHelpers:RunClassConstructor (System.RuntimeTypeHandle)
UnityEditor.EditorAssemblies:ProcessInitializeOnLoadAttributes (System.Type[])

[Library/PackageCache/com.unity.probuilder@4.4.0/Editor/EditorCore/EditorUtility.cs line 593]

Invoked RoslynAnalysisRunner static constructor.
RoslynAnalysisRunner will not be running.
RoslynAnalysisRunner has terminated.
Mono: successfully reloaded assembly
- Completed reload, in  1.600 seconds
Platform modules already initialized, skipping
Refreshing native plugins compatible for Editor in 1.54 ms, found 0 plugins.
Preloading 0 native plugins for Editor in 0.00 ms.
Unloading 2033 Unused Serialized files (Serialized files now loaded: 0)
System memory in use before: 107.2 MB.
System memory in use after: 107.2 MB.

Unloading 13 unused Assets to reduce memory usage. Loaded Objects now: 2579.
Total: 4.069500 ms (FindLiveObjects: 0.316800 ms CreateObjectMapping: 0.141300 ms MarkObjects: 3.438400 ms  DeleteObjects: 0.171000 ms)

========================================================================
Received Prepare
Registering precompiled user dll's ...
Registered in 0.004161 seconds.
Begin MonoManager ReloadAssembly
Native extension for WindowsStandalone target not found
Refreshing native plugins compatible for Editor in 1.23 ms, found 0 plugins.
Preloading 0 native plugins for Editor in 0.00 ms.
Warning: Annotation not found!
UnityEngine.StackTraceUtility:ExtractStackTrace ()
UnityEditor.ProBuilder.EditorUtility:SetGizmoIconEnabled (System.Type,bool) (at Library/PackageCache/com.unity.probuilder@4.4.0/Editor/EditorCore/EditorUtility.cs:593)
UnityEditor.ProBuilder.HierarchyListener:.cctor () (at Library/PackageCache/com.unity.probuilder@4.4.0/Editor/EditorCore/HierarchyListener.cs:21)
System.Runtime.CompilerServices.RuntimeHelpers:RunClassConstructor (System.RuntimeTypeHandle)
UnityEditor.EditorAssemblies:ProcessInitializeOnLoadAttributes (System.Type[])

[Library/PackageCache/com.unity.probuilder@4.4.0/Editor/EditorCore/EditorUtility.cs line 593]

Invoked RoslynAnalysisRunner static constructor.
RoslynAnalysisRunner will not be running.
RoslynAnalysisRunner has terminated.
Mono: successfully reloaded assembly
- Completed reload, in  2.376 seconds
Platform modules already initialized, skipping
Refreshing native plugins compatible for Editor in 1.48 ms, found 0 plugins.
Preloading 0 native plugins for Editor in 0.00 ms.
Unloading 2032 Unused Serialized files (Serialized files now loaded: 0)
System memory in use before: 107.2 MB.
System memory in use after: 107.2 MB.

Unloading 13 unused Assets to reduce memory usage. Loaded Objects now: 2581.
Total: 7.080500 ms (FindLiveObjects: 0.789700 ms CreateObjectMapping: 0.428900 ms MarkObjects: 5.593900 ms  DeleteObjects: 0.265600 ms)

========================================================================
Received Import Request.
  Time since last request: 15.354735 seconds.
  path: Assets/Sci-Fi Multiplayer/Scenes/Online.unity
  artifactKey: Guid(81ebfbb96f034b845a4e84fdfbb77be5) Importer(815301076,1909f56bfc062723c751e8b465ee728b)
Start importing Assets/Sci-Fi Multiplayer/Scenes/Online.unity using Guid(81ebfbb96f034b845a4e84fdfbb77be5) Importer(815301076,1909f56bfc062723c751e8b465ee728b)  -> (artifact id: '89fe810c693616d7bdbfa9a10de94361') in 0.024135 seconds
  Import took 0.032789 seconds .

========================================================================
Received Import Request.
  Time since last request: 3.434220 seconds.
  path: Assets/Sci-Fi Multiplayer/Prefabs/Player.prefab
  artifactKey: Guid(10381d4fdfb04f8409945e74a32a67dd) Importer(815301076,1909f56bfc062723c751e8b465ee728b)
Start importing Assets/Sci-Fi Multiplayer/Prefabs/Player.prefab using Guid(10381d4fdfb04f8409945e74a32a67dd) Importer(815301076,1909f56bfc062723c751e8b465ee728b)  -> (artifact id: '0320203da9e1acce2b7d987a1c1b4c80') in 0.128529 seconds
  Import took 0.134480 seconds .

========================================================================
Received Import Request.
  Time since last request: 0.682844 seconds.
  path: Assets/Sci-Fi Multiplayer/Prefabs/Nature
  artifactKey: Guid(78fbadd9088edbc4cb191b4606cbee92) Importer(815301076,1909f56bfc062723c751e8b465ee728b)
Start importing Assets/Sci-Fi Multiplayer/Prefabs/Nature using Guid(78fbadd9088edbc4cb191b4606cbee92) Importer(815301076,1909f56bfc062723c751e8b465ee728b)  -> (artifact id: 'cff1aef4167cf8e3e63b3c089b57d387') in 0.015508 seconds
  Import took 0.022871 seconds .

========================================================================
Received Import Request.
  Time since last request: 0.011041 seconds.
  path: Assets/Sci-Fi Multiplayer/Prefabs/Nature
  artifactKey: Guid(78fbadd9088edbc4cb191b4606cbee92) Importer(815301076,1909f56bfc062723c751e8b465ee728b)
Start importing Assets/Sci-Fi Multiplayer/Prefabs/Nature using Guid(78fbadd9088edbc4cb191b4606cbee92) Importer(815301076,1909f56bfc062723c751e8b465ee728b)  -> (artifact id: 'cff1aef4167cf8e3e63b3c089b57d387') in 0.010470 seconds
  Import took 0.024101 seconds .

========================================================================
Received Import Request.
  Time since last request: 7.084730 seconds.
  path: Assets/Sci-Fi Multiplayer/Art/Materials
  artifactKey: Guid(4a4f68732c62f7346a2582ad37aaa85f) Importer(815301076,1909f56bfc062723c751e8b465ee728b)
Start importing Assets/Sci-Fi Multiplayer/Art/Materials using Guid(4a4f68732c62f7346a2582ad37aaa85f) Importer(815301076,1909f56bfc062723c751e8b465ee728b)  -> (artifact id: '6680856e1cc85abe668f7467ad2e7bc1') in 0.012749 seconds
  Import took 0.019624 seconds .

========================================================================
Received Import Request.
  Time since last request: 0.014364 seconds.
  path: Assets/Sci-Fi Multiplayer/Art/Materials
  artifactKey: Guid(4a4f68732c62f7346a2582ad37aaa85f) Importer(815301076,1909f56bfc062723c751e8b465ee728b)
Start importing Assets/Sci-Fi Multiplayer/Art/Materials using Guid(4a4f68732c62f7346a2582ad37aaa85f) Importer(815301076,1909f56bfc062723c751e8b465ee728b)  -> (artifact id: '6680856e1cc85abe668f7467ad2e7bc1') in 0.012099 seconds
  Import took 0.025046 seconds .

========================================================================
Received Import Request.
  Time since last request: 0.907855 seconds.
  path: Assets/Sci-Fi Multiplayer/Art/Models
  artifactKey: Guid(fcbd13309ecdb5b47984f96d19894dbf) Importer(815301076,1909f56bfc062723c751e8b465ee728b)
Start importing Assets/Sci-Fi Multiplayer/Art/Models using Guid(fcbd13309ecdb5b47984f96d19894dbf) Importer(815301076,1909f56bfc062723c751e8b465ee728b)  -> (artifact id: '6ab5d73ba73e6db4a086b3ece0829528') in 0.012710 seconds
  Import took 0.018950 seconds .

========================================================================
Received Import Request.
  Time since last request: 0.014731 seconds.
  path: Assets/Sci-Fi Multiplayer/Art/Models
  artifactKey: Guid(fcbd13309ecdb5b47984f96d19894dbf) Importer(815301076,1909f56bfc062723c751e8b465ee728b)
Start importing Assets/Sci-Fi Multiplayer/Art/Models using Guid(fcbd13309ecdb5b47984f96d19894dbf) Importer(815301076,1909f56bfc062723c751e8b465ee728b)  -> (artifact id: '6ab5d73ba73e6db4a086b3ece0829528') in 0.005724 seconds
  Import took 0.011911 seconds .

========================================================================
Received Import Request.
  Time since last request: 17.881786 seconds.
  path: Assets/Sci-Fi Multiplayer/Art/Textures
  artifactKey: Guid(a50fea61fe440f04e94fe2b87e44a310) Importer(815301076,1909f56bfc062723c751e8b465ee728b)
Start importing Assets/Sci-Fi Multiplayer/Art/Textures using Guid(a50fea61fe440f04e94fe2b87e44a310) Importer(815301076,1909f56bfc062723c751e8b465ee728b)  -> (artifact id: '4a117de078ae3f843e4dcd96142c6bea') in 0.024499 seconds
  Import took 0.034642 seconds .

========================================================================
Received Import Request.
  Time since last request: 0.003023 seconds.
  path: Assets/Sci-Fi Multiplayer/Art/Textures
  artifactKey: Guid(a50fea61fe440f04e94fe2b87e44a310) Importer(815301076,1909f56bfc062723c751e8b465ee728b)
Start importing Assets/Sci-Fi Multiplayer/Art/Textures using Guid(a50fea61fe440f04e94fe2b87e44a310) Importer(815301076,1909f56bfc062723c751e8b465ee728b)  -> (artifact id: '4a117de078ae3f843e4dcd96142c6bea') in 0.010404 seconds
  Import took 0.023710 seconds .

========================================================================
Received Import Request.
  Time since last request: 7.428738 seconds.
  path: Assets/Art/textures/Textures/Nature
  artifactKey: Guid(f72a29eceac5c4840aa895d863ed1295) Importer(815301076,1909f56bfc062723c751e8b465ee728b)
Start importing Assets/Art/textures/Textures/Nature using Guid(f72a29eceac5c4840aa895d863ed1295) Importer(815301076,1909f56bfc062723c751e8b465ee728b)  -> (artifact id: '917b4f1bb048afc66e9ffc7cfa251332') in 0.011683 seconds
  Import took 0.025140 seconds .

========================================================================
Received Import Request.
  Time since last request: 0.007196 seconds.
  path: Assets/Art/textures/Textures/Nature
  artifactKey: Guid(f72a29eceac5c4840aa895d863ed1295) Importer(815301076,1909f56bfc062723c751e8b465ee728b)
Start importing Assets/Art/textures/Textures/Nature using Guid(f72a29eceac5c4840aa895d863ed1295) Importer(815301076,1909f56bfc062723c751e8b465ee728b)  -> (artifact id: '917b4f1bb048afc66e9ffc7cfa251332') in 0.011723 seconds
  Import took 0.025272 seconds .

========================================================================
Received Import Request.
  Time since last request: 0.063528 seconds.
  path: Assets/Art/textures/Textures/Nature/NaturePackLite_Texture_01.png
  artifactKey: Guid(28a51d508c86a8948b59df81d5188b17) Importer(815301076,1909f56bfc062723c751e8b465ee728b)
Start importing Assets/Art/textures/Textures/Nature/NaturePackLite_Texture_01.png using Guid(28a51d508c86a8948b59df81d5188b17) Importer(815301076,1909f56bfc062723c751e8b465ee728b)  -> (artifact id: '305b28b684dc37d765b80f99f5832282') in 0.088683 seconds
  Import took 0.098329 seconds .

========================================================================
Received Import Request.
  Time since last request: 1019.187106 seconds.
  path: Assets/Art/textures
  artifactKey: Guid(6983c6ece7550594bbfd3019ca16a799) Importer(815301076,1909f56bfc062723c751e8b465ee728b)
Start importing Assets/Art/textures using Guid(6983c6ece7550594bbfd3019ca16a799) Importer(815301076,1909f56bfc062723c751e8b465ee728b)  -> (artifact id: 'c11871971369e1a8fac409afe3d47055') in 0.016872 seconds
  Import took 0.032377 seconds .

========================================================================
Received Import Request.
  Time since last request: 0.000996 seconds.
  path: Assets/Art/textures
  artifactKey: Guid(6983c6ece7550594bbfd3019ca16a799) Importer(815301076,1909f56bfc062723c751e8b465ee728b)
Start importing Assets/Art/textures using Guid(6983c6ece7550594bbfd3019ca16a799) Importer(815301076,1909f56bfc062723c751e8b465ee728b)  -> (artifact id: 'c11871971369e1a8fac409afe3d47055') in 0.007109 seconds
  Import took 0.016666 seconds .

========================================================================
Received Import Request.
  Time since last request: 406.292671 seconds.
  path: Assets/Scenes/GamePlay.unity
  artifactKey: Guid(5e7af4bd95ac53a4cb784a9eedf8f6f9) Importer(815301076,1909f56bfc062723c751e8b465ee728b)
Start importing Assets/Scenes/GamePlay.unity using Guid(5e7af4bd95ac53a4cb784a9eedf8f6f9) Importer(815301076,1909f56bfc062723c751e8b465ee728b)  -> (artifact id: 'f3f7b16724445f0af34388ae56952e6f') in 0.011102 seconds
  Import took 0.027696 seconds .

========================================================================
Received Import Request.
  Time since last request: 0.731800 seconds.
  path: Assets/Scenes/InGameMenus.unity
  artifactKey: Guid(755392e7b3aceb249a7370eed648c3ac) Importer(815301076,1909f56bfc062723c751e8b465ee728b)
Start importing Assets/Scenes/InGameMenus.unity using Guid(755392e7b3aceb249a7370eed648c3ac) Importer(815301076,1909f56bfc062723c751e8b465ee728b)  -> (artifact id: 'f1630e8ef5451f3ab65b864fb3592875') in 0.004372 seconds
  Import took 0.019095 seconds .

========================================================================
Received Import Request.
  Time since last request: 5.725095 seconds.
  path: Assets/Scenes/TestScene1.unity
  artifactKey: Guid(9fc0d4010bbf28b4594072e72b8655ab) Importer(815301076,1909f56bfc062723c751e8b465ee728b)
Start importing Assets/Scenes/TestScene1.unity using Guid(9fc0d4010bbf28b4594072e72b8655ab) Importer(815301076,1909f56bfc062723c751e8b465ee728b)  -> (artifact id: 'a5878b5f45cc2c947c16e8c34c38ef02') in 0.011222 seconds
  Import took 0.016105 seconds .

========================================================================
Received Import Request.
  Time since last request: 30.851968 seconds.
  path: Assets/Scenes/TestLevel1.unity
  artifactKey: Guid(9af046ad81eb2bb409db8a0e6c2e36bf) Importer(815301076,1909f56bfc062723c751e8b465ee728b)
Start importing Assets/Scenes/TestLevel1.unity using Guid(9af046ad81eb2bb409db8a0e6c2e36bf) Importer(815301076,1909f56bfc062723c751e8b465ee728b)  -> (artifact id: '0158ddb5d53b9ea8f4461741d3f44ec4') in 0.025716 seconds
  Import took 0.033062 seconds .

========================================================================
Received Import Request.
  Time since last request: 1.168092 seconds.
  path: Assets/Scenes/Level2.unity
  artifactKey: Guid(a901a2a60199b0a49a264bf5f8a49b52) Importer(815301076,1909f56bfc062723c751e8b465ee728b)
Start importing Assets/Scenes/Level2.unity using Guid(a901a2a60199b0a49a264bf5f8a49b52) Importer(815301076,1909f56bfc062723c751e8b465ee728b)  -> (artifact id: '64b9f25e173c49f5b722951a247cb8e1') in 0.010742 seconds
  Import took 0.015414 seconds .

========================================================================
Received Import Request.
  Time since last request: 16.192316 seconds.
  path: Assets/Scenes/TestS
  artifactKey: Guid(3921659a82c6c9543ac230df98dbeba1) Importer(815301076,1909f56bfc062723c751e8b465ee728b)
Start importing Assets/Scenes/TestS using Guid(3921659a82c6c9543ac230df98dbeba1) Importer(815301076,1909f56bfc062723c751e8b465ee728b)  -> (artifact id: 'b0438dc09be34ffb1e89d76fe54ecdaa') in 0.016511 seconds
  Import took 0.034946 seconds .

========================================================================
Received Import Request.
  Time since last request: 50.395556 seconds.
  path: Assets/Scenes/Tests
  artifactKey: Guid(3921659a82c6c9543ac230df98dbeba1) Importer(815301076,1909f56bfc062723c751e8b465ee728b)
Start importing Assets/Scenes/Tests using Guid(3921659a82c6c9543ac230df98dbeba1) Importer(815301076,1909f56bfc062723c751e8b465ee728b)  -> (artifact id: 'd52fda231255319d0e9005ad5f0eefd4') in 0.031553 seconds
  Import took 0.045488 seconds .

========================================================================
Received Import Request.
  Time since last request: 73.434596 seconds.
  path: Assets/Scenes/Offline.unity
  artifactKey: Guid(562a142337c148d41b3c84964bb22abb) Importer(815301076,1909f56bfc062723c751e8b465ee728b)
Start importing Assets/Scenes/Offline.unity using Guid(562a142337c148d41b3c84964bb22abb) Importer(815301076,1909f56bfc062723c751e8b465ee728b)  -> (artifact id: '5d6cd4667ae8ac7cf53ac3dbb7721bd6') in 0.004461 seconds
  Import took 0.021117 seconds .

========================================================================
Received Import Request.
  Time since last request: 57.536466 seconds.
  path: Assets/Scenes/Tests/OldTemple.unity
  artifactKey: Guid(be21a565e3b120d48991809e1626a4da) Importer(815301076,1909f56bfc062723c751e8b465ee728b)
Start importing Assets/Scenes/Tests/OldTemple.unity using Guid(be21a565e3b120d48991809e1626a4da) Importer(815301076,1909f56bfc062723c751e8b465ee728b)  -> (artifact id: '714b08ac57f138df6127c3fda1376d75') in 0.013467 seconds
  Import took 0.019665 seconds .

========================================================================
Received Import Request.
  Time since last request: 9.136238 seconds.
  path: Assets/Scenes/Tests/CarBattle.unity
  artifactKey: Guid(5e7af4bd95ac53a4cb784a9eedf8f6f9) Importer(815301076,1909f56bfc062723c751e8b465ee728b)
Start importing Assets/Scenes/Tests/CarBattle.unity using Guid(5e7af4bd95ac53a4cb784a9eedf8f6f9) Importer(815301076,1909f56bfc062723c751e8b465ee728b)  -> (artifact id: 'b712f8978e8c36d60422d38335276cf2') in 0.013974 seconds
  Import took 0.030387 seconds .

========================================================================
Received Import Request.
  Time since last request: 14.749044 seconds.
  path: Assets/Scenes/Tests/Tower.unity
  artifactKey: Guid(9fc0d4010bbf28b4594072e72b8655ab) Importer(815301076,1909f56bfc062723c751e8b465ee728b)
Start importing Assets/Scenes/Tests/Tower.unity using Guid(9fc0d4010bbf28b4594072e72b8655ab) Importer(815301076,1909f56bfc062723c751e8b465ee728b)  -> (artifact id: 'f603603439ea593c2d1fff4434656e6e') in 0.034270 seconds
  Import took 0.054885 seconds .

========================================================================
Received Prepare
Registering precompiled user dll's ...
Registered in 0.007540 seconds.
Begin MonoManager ReloadAssembly
Native extension for WindowsStandalone target not found
Refreshing native plugins compatible for Editor in 1.37 ms, found 0 plugins.
Preloading 0 native plugins for Editor in 0.00 ms.
Warning: Annotation not found!
UnityEngine.StackTraceUtility:ExtractStackTrace ()
UnityEditor.ProBuilder.EditorUtility:SetGizmoIconEnabled (System.Type,bool) (at Library/PackageCache/com.unity.probuilder@4.4.0/Editor/EditorCore/EditorUtility.cs:593)
UnityEditor.ProBuilder.HierarchyListener:.cctor () (at Library/PackageCache/com.unity.probuilder@4.4.0/Editor/EditorCore/HierarchyListener.cs:21)
System.Runtime.CompilerServices.RuntimeHelpers:RunClassConstructor (System.RuntimeTypeHandle)
UnityEditor.EditorAssemblies:ProcessInitializeOnLoadAttributes (System.Type[])

[Library/PackageCache/com.unity.probuilder@4.4.0/Editor/EditorCore/EditorUtility.cs line 593]

Invoked RoslynAnalysisRunner static constructor.
RoslynAnalysisRunner will not be running.
RoslynAnalysisRunner has terminated.
Mono: successfully reloaded assembly
- Completed reload, in  3.417 seconds
Platform modules already initialized, skipping
Refreshing native plugins compatible for Editor in 2.87 ms, found 0 plugins.
Preloading 0 native plugins for Editor in 0.00 ms.
Unloading 2032 Unused Serialized files (Serialized files now loaded: 0)
System memory in use before: 107.3 MB.
System memory in use after: 107.3 MB.

Unloading 14 unused Assets to reduce memory usage. Loaded Objects now: 2586.
Total: 12.447500 ms (FindLiveObjects: 0.673900 ms CreateObjectMapping: 0.360900 ms MarkObjects: 10.574500 ms  DeleteObjects: 0.832300 ms)

========================================================================
Received Prepare
Registering precompiled user dll's ...
Registered in 0.010540 seconds.
Begin MonoManager ReloadAssembly
Native extension for WindowsStandalone target not found
Refreshing native plugins compatible for Editor in 3.83 ms, found 0 plugins.
Preloading 0 native plugins for Editor in 0.00 ms.
Warning: Annotation not found!
UnityEngine.StackTraceUtility:ExtractStackTrace ()
UnityEditor.ProBuilder.EditorUtility:SetGizmoIconEnabled (System.Type,bool) (at Library/PackageCache/com.unity.probuilder@4.4.0/Editor/EditorCore/EditorUtility.cs:593)
UnityEditor.ProBuilder.HierarchyListener:.cctor () (at Library/PackageCache/com.unity.probuilder@4.4.0/Editor/EditorCore/HierarchyListener.cs:21)
System.Runtime.CompilerServices.RuntimeHelpers:RunClassConstructor (System.RuntimeTypeHandle)
UnityEditor.EditorAssemblies:ProcessInitializeOnLoadAttributes (System.Type[])

[Library/PackageCache/com.unity.probuilder@4.4.0/Editor/EditorCore/EditorUtility.cs line 593]

Invoked RoslynAnalysisRunner static constructor.
RoslynAnalysisRunner will not be running.
RoslynAnalysisRunner has terminated.
Mono: successfully reloaded assembly
- Completed reload, in  4.523 seconds
Platform modules already initialized, skipping
Refreshing native plugins compatible for Editor in 1.51 ms, found 0 plugins.
Preloading 0 native plugins for Editor in 0.00 ms.
Unloading 2032 Unused Serialized files (Serialized files now loaded: 0)
System memory in use before: 107.3 MB.
System memory in use after: 107.3 MB.

Unloading 13 unused Assets to reduce memory usage. Loaded Objects now: 2588.
Total: 5.355600 ms (FindLiveObjects: 0.384500 ms CreateObjectMapping: 0.180500 ms MarkObjects: 4.510500 ms  DeleteObjects: 0.278200 ms)

========================================================================
Received Import Request.
  Time since last request: 715.627823 seconds.
  path: Assets/Scripts/Networking/ConnectionMenu.cs
  artifactKey: Guid(fd61b11793101f341a22c482042e998c) Importer(815301076,1909f56bfc062723c751e8b465ee728b)
Start importing Assets/Scripts/Networking/ConnectionMenu.cs using Guid(fd61b11793101f341a22c482042e998c) Importer(815301076,1909f56bfc062723c751e8b465ee728b)  -> (artifact id: '8b9e8d83510915b0d0d73720df1f1bad') in 0.021511 seconds
  Import took 0.029061 seconds .

========================================================================
Received Import Request.
  Time since last request: 0.072596 seconds.
  path: Assets/Scripts/Networking/ConnectionMenu.cs
  artifactKey: Guid(fd61b11793101f341a22c482042e998c) Importer(815301076,1909f56bfc062723c751e8b465ee728b)
Start importing Assets/Scripts/Networking/ConnectionMenu.cs using Guid(fd61b11793101f341a22c482042e998c) Importer(815301076,1909f56bfc062723c751e8b465ee728b)  -> (artifact id: '8b9e8d83510915b0d0d73720df1f1bad') in 0.007369 seconds
  Import took 0.014698 seconds .

========================================================================
Received Import Request.
  Time since last request: 0.685419 seconds.
  path: Assets/Scripts/Networking/BattlecarsNetworkDiscovery.cs
  artifactKey: Guid(fc16612c37957f547a89a6acb2cf5da4) Importer(815301076,1909f56bfc062723c751e8b465ee728b)
Start importing Assets/Scripts/Networking/BattlecarsNetworkDiscovery.cs using Guid(fc16612c37957f547a89a6acb2cf5da4) Importer(815301076,1909f56bfc062723c751e8b465ee728b)  -> (artifact id: '50c72cac1bd211d5bb149ea66d7a6491') in 0.006154 seconds
  Import took 0.012753 seconds .

========================================================================
Received Prepare
Registering precompiled user dll's ...
Registered in 0.004318 seconds.
Begin MonoManager ReloadAssembly
Native extension for WindowsStandalone target not found
Refreshing native plugins compatible for Editor in 1.85 ms, found 0 plugins.
Preloading 0 native plugins for Editor in 0.00 ms.
Warning: Annotation not found!
UnityEngine.StackTraceUtility:ExtractStackTrace ()
UnityEditor.ProBuilder.EditorUtility:SetGizmoIconEnabled (System.Type,bool) (at Library/PackageCache/com.unity.probuilder@4.4.0/Editor/EditorCore/EditorUtility.cs:593)
UnityEditor.ProBuilder.HierarchyListener:.cctor () (at Library/PackageCache/com.unity.probuilder@4.4.0/Editor/EditorCore/HierarchyListener.cs:21)
System.Runtime.CompilerServices.RuntimeHelpers:RunClassConstructor (System.RuntimeTypeHandle)
UnityEditor.EditorAssemblies:ProcessInitializeOnLoadAttributes (System.Type[])

[Library/PackageCache/com.unity.probuilder@4.4.0/Editor/EditorCore/EditorUtility.cs line 593]

Invoked RoslynAnalysisRunner static constructor.
RoslynAnalysisRunner will not be running.
RoslynAnalysisRunner has terminated.
Mono: successfully reloaded assembly
- Completed reload, in  4.287 seconds
Platform modules already initialized, skipping
Refreshing native plugins compatible for Editor in 2.58 ms, found 0 plugins.
Preloading 0 native plugins for Editor in 0.00 ms.
Unloading 2032 Unused Serialized files (Serialized files now loaded: 0)
System memory in use before: 107.2 MB.
System memory in use after: 107.3 MB.

Unloading 13 unused Assets to reduce memory usage. Loaded Objects now: 2590.
Total: 14.437100 ms (FindLiveObjects: 0.757900 ms CreateObjectMapping: 0.388900 ms MarkObjects: 12.831600 ms  DeleteObjects: 0.453600 ms)

========================================================================
Received Prepare
Registering precompiled user dll's ...
Registered in 0.009160 seconds.
Begin MonoManager ReloadAssembly
Native extension for WindowsStandalone target not found
Refreshing native plugins compatible for Editor in 0.68 ms, found 0 plugins.
Preloading 0 native plugins for Editor in 0.00 ms.
Warning: Annotation not found!
UnityEngine.StackTraceUtility:ExtractStackTrace ()
UnityEditor.ProBuilder.EditorUtility:SetGizmoIconEnabled (System.Type,bool) (at Library/PackageCache/com.unity.probuilder@4.4.0/Editor/EditorCore/EditorUtility.cs:593)
UnityEditor.ProBuilder.HierarchyListener:.cctor () (at Library/PackageCache/com.unity.probuilder@4.4.0/Editor/EditorCore/HierarchyListener.cs:21)
System.Runtime.CompilerServices.RuntimeHelpers:RunClassConstructor (System.RuntimeTypeHandle)
UnityEditor.EditorAssemblies:ProcessInitializeOnLoadAttributes (System.Type[])

[Library/PackageCache/com.unity.probuilder@4.4.0/Editor/EditorCore/EditorUtility.cs line 593]

Invoked RoslynAnalysisRunner static constructor.
RoslynAnalysisRunner will not be running.
RoslynAnalysisRunner has terminated.
Mono: successfully reloaded assembly
- Completed reload, in  0.909 seconds
Platform modules already initialized, skipping
Refreshing native plugins compatible for Editor in 0.68 ms, found 0 plugins.
Preloading 0 native plugins for Editor in 0.00 ms.
Unloading 2032 Unused Serialized files (Serialized files now loaded: 0)
System memory in use before: 107.3 MB.
System memory in use after: 107.4 MB.

Unloading 13 unused Assets to reduce memory usage. Loaded Objects now: 2592.
Total: 2.186600 ms (FindLiveObjects: 0.185700 ms CreateObjectMapping: 0.083000 ms MarkObjects: 1.802000 ms  DeleteObjects: 0.115100 ms)

AssetImportWorkerClient::OnTransportError - code=2 error=End of file
